[      43ms] [ERROR] Failed to load resource: the server responded with a status of 404 (Not Found) @ http://localhost:5173/flyer-editor/flyer-editor/coi-serviceworker.js:0
[      78ms] [INFO] %cDownload the React DevTools for a better development experience: https://react.dev/link/react-devtools font-weight:bold @ http://localhost:5173/flyer-editor/node_modules/.vite/deps/react-dom_client.js?v=db72bf5a:20102
[      88ms] [ERROR] Received an empty string for a boolean attribute `%s`. This will treat the attribute as if it were false. Either pass `false` to silence this warning, or pass `true` if you used an empty string in earlier versions of React to indicate this attribute is true. inert @ http://localhost:5173/flyer-editor/node_modules/.vite/deps/react-dom_client.js?v=db72bf5a:14360
[    3944ms] [ERROR] WebSocket connection to 'wss://localhost:8787/?token=c2f7ab6ceeaa7a2c9519485ff2c322bd45b76228981a5511' failed: Error in connection establishment: net::ERR_CONNECTION_REFUSED @ http://localhost:5173/flyer-editor/src/lib/aiBridge.ts:54
[    5951ms] [ERROR] WebSocket connection to 'wss://localhost:8787/?token=c2f7ab6ceeaa7a2c9519485ff2c322bd45b76228981a5511' failed: Error in connection establishment: net::ERR_CONNECTION_REFUSED @ http://localhost:5173/flyer-editor/src/lib/aiBridge.ts:54
[    9967ms] [ERROR] WebSocket connection to 'wss://localhost:8787/?token=c2f7ab6ceeaa7a2c9519485ff2c322bd45b76228981a5511' failed: Error in connection establishment: net::ERR_CONNECTION_REFUSED @ http://localhost:5173/flyer-editor/src/lib/aiBridge.ts:54
[   17986ms] [ERROR] WebSocket connection to 'wss://localhost:8787/?token=c2f7ab6ceeaa7a2c9519485ff2c322bd45b76228981a5511' failed: Error in connection establishment: net::ERR_CONNECTION_REFUSED @ http://localhost:5173/flyer-editor/src/lib/aiBridge.ts:54
[   36921ms] [ERROR] WebSocket connection to 'wss://localhost:8787/?token=c2f7ab6ceeaa7a2c9519485ff2c322bd45b76228981a5511' failed: Error in connection establishment: net::ERR_CONNECTION_REFUSED @ http://localhost:5173/flyer-editor/src/lib/aiBridge.ts:54
[   38938ms] [ERROR] WebSocket connection to 'wss://localhost:8787/?token=c2f7ab6ceeaa7a2c9519485ff2c322bd45b76228981a5511' failed: Error in connection establishment: net::ERR_CONNECTION_REFUSED @ http://localhost:5173/flyer-editor/src/lib/aiBridge.ts:54
[   42956ms] [ERROR] WebSocket connection to 'wss://localhost:8787/?token=c2f7ab6ceeaa7a2c9519485ff2c322bd45b76228981a5511' failed: Error in connection establishment: net::ERR_CONNECTION_REFUSED @ http://localhost:5173/flyer-editor/src/lib/aiBridge.ts:54
[   50974ms] [ERROR] WebSocket connection to 'wss://localhost:8787/?token=c2f7ab6ceeaa7a2c9519485ff2c322bd45b76228981a5511' failed: Error in connection establishment: net::ERR_CONNECTION_REFUSED @ http://localhost:5173/flyer-editor/src/lib/aiBridge.ts:54
[   65992ms] [ERROR] WebSocket connection to 'wss://localhost:8787/?token=c2f7ab6ceeaa7a2c9519485ff2c322bd45b76228981a5511' failed: Error in connection establishment: net::ERR_CONNECTION_REFUSED @ http://localhost:5173/flyer-editor/src/lib/aiBridge.ts:54
[   81014ms] [ERROR] WebSocket connection to 'wss://localhost:8787/?token=c2f7ab6ceeaa7a2c9519485ff2c322bd45b76228981a5511' failed: Error in connection establishment: net::ERR_CONNECTION_REFUSED @ http://localhost:5173/flyer-editor/src/lib/aiBridge.ts:54
[   96041ms] [ERROR] WebSocket connection to 'wss://localhost:8787/?token=c2f7ab6ceeaa7a2c9519485ff2c322bd45b76228981a5511' failed: Error in connection establishment: net::ERR_CONNECTION_REFUSED @ http://localhost:5173/flyer-editor/src/lib/aiBridge.ts:54
[  111066ms] [ERROR] WebSocket connection to 'wss://localhost:8787/?token=c2f7ab6ceeaa7a2c9519485ff2c322bd45b76228981a5511' failed: Error in connection establishment: net::ERR_CONNECTION_REFUSED @ http://localhost:5173/flyer-editor/src/lib/aiBridge.ts:54
[  126084ms] [ERROR] WebSocket connection to 'wss://localhost:8787/?token=c2f7ab6ceeaa7a2c9519485ff2c322bd45b76228981a5511' failed: Error in connection establishment: net::ERR_CONNECTION_REFUSED @ http://localhost:5173/flyer-editor/src/lib/aiBridge.ts:54
[  141112ms] [ERROR] WebSocket connection to 'wss://localhost:8787/?token=c2f7ab6ceeaa7a2c9519485ff2c322bd45b76228981a5511' failed: Error in connection establishment: net::ERR_CONNECTION_REFUSED @ http://localhost:5173/flyer-editor/src/lib/aiBridge.ts:54
[  156134ms] [ERROR] WebSocket connection to 'wss://localhost:8787/?token=c2f7ab6ceeaa7a2c9519485ff2c322bd45b76228981a5511' failed: Error in connection establishment: net::ERR_CONNECTION_REFUSED @ http://localhost:5173/flyer-editor/src/lib/aiBridge.ts:54
[  171158ms] [ERROR] WebSocket connection to 'wss://localhost:8787/?token=c2f7ab6ceeaa7a2c9519485ff2c322bd45b76228981a5511' failed: Error in connection establishment: net::ERR_CONNECTION_REFUSED @ http://localhost:5173/flyer-editor/src/lib/aiBridge.ts:54
[  177059ms] [ERROR] Failed to load resource: the server responded with a status of 404 (Not Found) @ http://localhost:5173/flyer-editor/flyer-editor/coi-serviceworker.js:0
[  177540ms] [INFO] %cDownload the React DevTools for a better development experience: https://react.dev/link/react-devtools font-weight:bold @ http://localhost:5173/flyer-editor/node_modules/.vite/deps/react-dom_client.js?v=6c3ae62a:20102
[  177606ms] [ERROR] Received an empty string for a boolean attribute `%s`. This will treat the attribute as if it were false. Either pass `false` to silence this warning, or pass `true` if you used an empty string in earlier versions of React to indicate this attribute is true. inert @ http://localhost:5173/flyer-editor/node_modules/.vite/deps/react-dom_client.js?v=6c3ae62a:14360
[  178053ms] [ERROR] WebSocket connection to 'wss://localhost:8787/?token=c2f7ab6ceeaa7a2c9519485ff2c322bd45b76228981a5511' failed: Error in connection establishment: net::ERR_CONNECTION_REFUSED @ http://localhost:5173/flyer-editor/src/lib/aiBridge.ts:54
[  179073ms] [ERROR] WebSocket connection to 'wss://localhost:8787/?token=c2f7ab6ceeaa7a2c9519485ff2c322bd45b76228981a5511' failed: Error in connection establishment: net::ERR_CONNECTION_REFUSED @ http://localhost:5173/flyer-editor/src/lib/aiBridge.ts:54
[  181085ms] [ERROR] WebSocket connection to 'wss://localhost:8787/?token=c2f7ab6ceeaa7a2c9519485ff2c322bd45b76228981a5511' failed: Error in connection establishment: net::ERR_CONNECTION_REFUSED @ http://localhost:5173/flyer-editor/src/lib/aiBridge.ts:54
[  185110ms] [ERROR] WebSocket connection to 'wss://localhost:8787/?token=c2f7ab6ceeaa7a2c9519485ff2c322bd45b76228981a5511' failed: Error in connection establishment: net::ERR_CONNECTION_REFUSED @ http://localhost:5173/flyer-editor/src/lib/aiBridge.ts:54
[  193131ms] [ERROR] WebSocket connection to 'wss://localhost:8787/?token=c2f7ab6ceeaa7a2c9519485ff2c322bd45b76228981a5511' failed: Error in connection establishment: net::ERR_CONNECTION_REFUSED @ http://localhost:5173/flyer-editor/src/lib/aiBridge.ts:54
[  208150ms] [ERROR] WebSocket connection to 'wss://localhost:8787/?token=c2f7ab6ceeaa7a2c9519485ff2c322bd45b76228981a5511' failed: Error in connection establishment: net::ERR_CONNECTION_REFUSED @ http://localhost:5173/flyer-editor/src/lib/aiBridge.ts:54
[  223169ms] [ERROR] WebSocket connection to 'wss://localhost:8787/?token=c2f7ab6ceeaa7a2c9519485ff2c322bd45b76228981a5511' failed: Error in connection establishment: net::ERR_CONNECTION_REFUSED @ http://localhost:5173/flyer-editor/src/lib/aiBridge.ts:54
